{"C:\\Users\\baris\\Desktop\\SpringBoard\\node-exercises\\express-biztime\\app.js": {"path":"C:\\Users\\baris\\Desktop\\SpringBoard\\node-exercises\\express-biztime\\app.js","statementMap":{"0":{"start":{"line":3,"column":16},"end":{"line":3,"column":34}},"1":{"start":{"line":5,"column":21},"end":{"line":5,"column":46}},"2":{"start":{"line":6,"column":24},"end":{"line":6,"column":53}},"3":{"start":{"line":7,"column":23},"end":{"line":7,"column":51}},"4":{"start":{"line":9,"column":12},"end":{"line":9,"column":21}},"5":{"start":{"line":11,"column":0},"end":{"line":11,"column":24}},"6":{"start":{"line":12,"column":0},"end":{"line":12,"column":39}},"7":{"start":{"line":13,"column":0},"end":{"line":13,"column":37}},"8":{"start":{"line":17,"column":0},"end":{"line":20,"column":3}},"9":{"start":{"line":18,"column":14},"end":{"line":18,"column":48}},"10":{"start":{"line":19,"column":2},"end":{"line":19,"column":19}},"11":{"start":{"line":24,"column":0},"end":{"line":31,"column":3}},"12":{"start":{"line":25,"column":2},"end":{"line":25,"column":32}},"13":{"start":{"line":27,"column":2},"end":{"line":30,"column":5}},"14":{"start":{"line":34,"column":0},"end":{"line":34,"column":21}}},"fnMap":{"0":{"name":"(anonymous_0)","decl":{"start":{"line":17,"column":8},"end":{"line":17,"column":9}},"loc":{"start":{"line":17,"column":33},"end":{"line":20,"column":1}},"line":17},"1":{"name":"(anonymous_1)","decl":{"start":{"line":24,"column":8},"end":{"line":24,"column":9}},"loc":{"start":{"line":24,"column":33},"end":{"line":31,"column":1}},"line":24}},"branchMap":{"0":{"loc":{"start":{"line":25,"column":13},"end":{"line":25,"column":30}},"type":"binary-expr","locations":[{"start":{"line":25,"column":13},"end":{"line":25,"column":23}},{"start":{"line":25,"column":27},"end":{"line":25,"column":30}}],"line":25}},"s":{"0":2,"1":2,"2":2,"3":2,"4":2,"5":2,"6":2,"7":2,"8":2,"9":0,"10":0,"11":2,"12":1,"13":1,"14":2},"f":{"0":0,"1":1},"b":{"0":[1,1]},"_coverageSchema":"1a1c01bbd47fc00a2c39e90264f33305004495a9","hash":"d1726a1e3c28c9ab2c919aaf6d1c0c6bcb4ea520"}
,"C:\\Users\\baris\\Desktop\\SpringBoard\\node-exercises\\express-biztime\\db.js": {"path":"C:\\Users\\baris\\Desktop\\SpringBoard\\node-exercises\\express-biztime\\db.js","statementMap":{"0":{"start":{"line":3,"column":19},"end":{"line":3,"column":32}},"1":{"start":{"line":6,"column":15},"end":{"line":13,"column":2}},"2":{"start":{"line":16,"column":0},"end":{"line":16,"column":17}},"3":{"start":{"line":18,"column":0},"end":{"line":18,"column":24}}},"fnMap":{},"branchMap":{},"s":{"0":2,"1":2,"2":2,"3":2},"f":{},"b":{},"_coverageSchema":"1a1c01bbd47fc00a2c39e90264f33305004495a9","hash":"482a81c79b9c43752953aaf4b0236121ab89d54c"}
,"C:\\Users\\baris\\Desktop\\SpringBoard\\node-exercises\\express-biztime\\expressError.js": {"path":"C:\\Users\\baris\\Desktop\\SpringBoard\\node-exercises\\express-biztime\\expressError.js","statementMap":{"0":{"start":{"line":9,"column":4},"end":{"line":9,"column":12}},"1":{"start":{"line":10,"column":4},"end":{"line":10,"column":27}},"2":{"start":{"line":11,"column":4},"end":{"line":11,"column":25}},"3":{"start":{"line":12,"column":4},"end":{"line":12,"column":30}},"4":{"start":{"line":17,"column":0},"end":{"line":17,"column":30}}},"fnMap":{"0":{"name":"(anonymous_0)","decl":{"start":{"line":8,"column":2},"end":{"line":8,"column":3}},"loc":{"start":{"line":8,"column":31},"end":{"line":13,"column":3}},"line":8}},"branchMap":{},"s":{"0":0,"1":0,"2":0,"3":0,"4":2},"f":{"0":0},"b":{},"_coverageSchema":"1a1c01bbd47fc00a2c39e90264f33305004495a9","hash":"a30385ecf71d57816a135f3ab5d980e5ee9002fb"}
,"C:\\Users\\baris\\Desktop\\SpringBoard\\node-exercises\\express-biztime\\routes\\companies.js": {"path":"C:\\Users\\baris\\Desktop\\SpringBoard\\node-exercises\\express-biztime\\routes\\companies.js","statementMap":{"0":{"start":{"line":3,"column":16},"end":{"line":3,"column":34}},"1":{"start":{"line":4,"column":15},"end":{"line":4,"column":31}},"2":{"start":{"line":5,"column":11},"end":{"line":5,"column":27}},"3":{"start":{"line":8,"column":0},"end":{"line":15,"column":3}},"4":{"start":{"line":9,"column":2},"end":{"line":14,"column":3}},"5":{"start":{"line":10,"column":19},"end":{"line":10,"column":69}},"6":{"start":{"line":11,"column":4},"end":{"line":11,"column":48}},"7":{"start":{"line":13,"column":4},"end":{"line":13,"column":21}},"8":{"start":{"line":18,"column":0},"end":{"line":41,"column":3}},"9":{"start":{"line":19,"column":2},"end":{"line":40,"column":3}},"10":{"start":{"line":20,"column":21},"end":{"line":20,"column":31}},"11":{"start":{"line":21,"column":19},"end":{"line":30,"column":5}},"12":{"start":{"line":32,"column":4},"end":{"line":34,"column":5}},"13":{"start":{"line":33,"column":6},"end":{"line":33,"column":66}},"14":{"start":{"line":36,"column":20},"end":{"line":36,"column":34}},"15":{"start":{"line":37,"column":4},"end":{"line":37,"column":33}},"16":{"start":{"line":39,"column":4},"end":{"line":39,"column":21}},"17":{"start":{"line":44,"column":0},"end":{"line":56,"column":3}},"18":{"start":{"line":45,"column":2},"end":{"line":55,"column":3}},"19":{"start":{"line":46,"column":40},"end":{"line":46,"column":48}},"20":{"start":{"line":47,"column":19},"end":{"line":50,"column":5}},"21":{"start":{"line":52,"column":4},"end":{"line":52,"column":61}},"22":{"start":{"line":54,"column":4},"end":{"line":54,"column":21}},"23":{"start":{"line":59,"column":0},"end":{"line":77,"column":3}},"24":{"start":{"line":60,"column":2},"end":{"line":76,"column":3}},"25":{"start":{"line":61,"column":21},"end":{"line":61,"column":31}},"26":{"start":{"line":62,"column":34},"end":{"line":62,"column":42}},"27":{"start":{"line":64,"column":19},"end":{"line":67,"column":5}},"28":{"start":{"line":69,"column":4},"end":{"line":71,"column":5}},"29":{"start":{"line":70,"column":6},"end":{"line":70,"column":66}},"30":{"start":{"line":73,"column":4},"end":{"line":73,"column":49}},"31":{"start":{"line":75,"column":4},"end":{"line":75,"column":21}},"32":{"start":{"line":80,"column":0},"end":{"line":93,"column":3}},"33":{"start":{"line":81,"column":2},"end":{"line":92,"column":3}},"34":{"start":{"line":82,"column":21},"end":{"line":82,"column":31}},"35":{"start":{"line":83,"column":19},"end":{"line":83,"column":95}},"36":{"start":{"line":85,"column":4},"end":{"line":87,"column":5}},"37":{"start":{"line":86,"column":6},"end":{"line":86,"column":66}},"38":{"start":{"line":89,"column":4},"end":{"line":89,"column":43}},"39":{"start":{"line":91,"column":4},"end":{"line":91,"column":21}},"40":{"start":{"line":95,"column":0},"end":{"line":95,"column":24}}},"fnMap":{"0":{"name":"(anonymous_0)","decl":{"start":{"line":8,"column":16},"end":{"line":8,"column":17}},"loc":{"start":{"line":8,"column":42},"end":{"line":15,"column":1}},"line":8},"1":{"name":"(anonymous_1)","decl":{"start":{"line":18,"column":21},"end":{"line":18,"column":22}},"loc":{"start":{"line":18,"column":47},"end":{"line":41,"column":1}},"line":18},"2":{"name":"(anonymous_2)","decl":{"start":{"line":44,"column":17},"end":{"line":44,"column":18}},"loc":{"start":{"line":44,"column":43},"end":{"line":56,"column":1}},"line":44},"3":{"name":"(anonymous_3)","decl":{"start":{"line":59,"column":21},"end":{"line":59,"column":22}},"loc":{"start":{"line":59,"column":47},"end":{"line":77,"column":1}},"line":59},"4":{"name":"(anonymous_4)","decl":{"start":{"line":80,"column":24},"end":{"line":80,"column":25}},"loc":{"start":{"line":80,"column":50},"end":{"line":93,"column":1}},"line":80}},"branchMap":{"0":{"loc":{"start":{"line":32,"column":4},"end":{"line":34,"column":5}},"type":"if","locations":[{"start":{"line":32,"column":4},"end":{"line":34,"column":5}},{"start":{},"end":{}}],"line":32},"1":{"loc":{"start":{"line":69,"column":4},"end":{"line":71,"column":5}},"type":"if","locations":[{"start":{"line":69,"column":4},"end":{"line":71,"column":5}},{"start":{},"end":{}}],"line":69},"2":{"loc":{"start":{"line":85,"column":4},"end":{"line":87,"column":5}},"type":"if","locations":[{"start":{"line":85,"column":4},"end":{"line":87,"column":5}},{"start":{},"end":{}}],"line":85}},"s":{"0":2,"1":2,"2":2,"3":2,"4":1,"5":1,"6":1,"7":0,"8":2,"9":0,"10":0,"11":0,"12":0,"13":0,"14":0,"15":0,"16":0,"17":2,"18":1,"19":1,"20":1,"21":0,"22":1,"23":2,"24":0,"25":0,"26":0,"27":0,"28":0,"29":0,"30":0,"31":0,"32":2,"33":0,"34":0,"35":0,"36":0,"37":0,"38":0,"39":0,"40":2},"f":{"0":1,"1":0,"2":1,"3":0,"4":0},"b":{"0":[0,0],"1":[0,0],"2":[0,0]},"_coverageSchema":"1a1c01bbd47fc00a2c39e90264f33305004495a9","hash":"050e02d012f1c76f19ef5f9030868aec86699a64"}
,"C:\\Users\\baris\\Desktop\\SpringBoard\\node-exercises\\express-biztime\\routes\\invoices.js": {"path":"C:\\Users\\baris\\Desktop\\SpringBoard\\node-exercises\\express-biztime\\routes\\invoices.js","statementMap":{"0":{"start":{"line":3,"column":16},"end":{"line":3,"column":34}},"1":{"start":{"line":4,"column":15},"end":{"line":4,"column":31}},"2":{"start":{"line":5,"column":11},"end":{"line":5,"column":27}},"3":{"start":{"line":8,"column":0},"end":{"line":15,"column":3}},"4":{"start":{"line":9,"column":2},"end":{"line":14,"column":3}},"5":{"start":{"line":10,"column":19},"end":{"line":10,"column":71}},"6":{"start":{"line":11,"column":4},"end":{"line":11,"column":47}},"7":{"start":{"line":13,"column":4},"end":{"line":13,"column":21}},"8":{"start":{"line":18,"column":0},"end":{"line":52,"column":3}},"9":{"start":{"line":19,"column":2},"end":{"line":51,"column":3}},"10":{"start":{"line":20,"column":19},"end":{"line":20,"column":29}},"11":{"start":{"line":21,"column":19},"end":{"line":28,"column":5}},"12":{"start":{"line":30,"column":4},"end":{"line":32,"column":5}},"13":{"start":{"line":31,"column":6},"end":{"line":31,"column":66}},"14":{"start":{"line":34,"column":20},"end":{"line":34,"column":34}},"15":{"start":{"line":35,"column":4},"end":{"line":48,"column":7}},"16":{"start":{"line":50,"column":4},"end":{"line":50,"column":21}},"17":{"start":{"line":55,"column":0},"end":{"line":68,"column":3}},"18":{"start":{"line":56,"column":2},"end":{"line":67,"column":3}},"19":{"start":{"line":57,"column":31},"end":{"line":57,"column":39}},"20":{"start":{"line":58,"column":19},"end":{"line":63,"column":5}},"21":{"start":{"line":64,"column":4},"end":{"line":64,"column":61}},"22":{"start":{"line":66,"column":4},"end":{"line":66,"column":21}},"23":{"start":{"line":71,"column":23},"end":{"line":71,"column":67}},"24":{"start":{"line":71,"column":29},"end":{"line":71,"column":67}},"25":{"start":{"line":74,"column":0},"end":{"line":108,"column":3}},"26":{"start":{"line":75,"column":2},"end":{"line":107,"column":3}},"27":{"start":{"line":76,"column":19},"end":{"line":76,"column":29}},"28":{"start":{"line":77,"column":26},"end":{"line":77,"column":34}},"29":{"start":{"line":79,"column":4},"end":{"line":81,"column":5}},"30":{"start":{"line":80,"column":6},"end":{"line":80,"column":69}},"31":{"start":{"line":84,"column":19},"end":{"line":87,"column":5}},"32":{"start":{"line":89,"column":4},"end":{"line":91,"column":5}},"33":{"start":{"line":90,"column":6},"end":{"line":90,"column":66}},"34":{"start":{"line":93,"column":20},"end":{"line":93,"column":34}},"35":{"start":{"line":94,"column":28},"end":{"line":94,"column":58}},"36":{"start":{"line":97,"column":25},"end":{"line":102,"column":5}},"37":{"start":{"line":104,"column":4},"end":{"line":104,"column":55}},"38":{"start":{"line":106,"column":4},"end":{"line":106,"column":21}},"39":{"start":{"line":111,"column":0},"end":{"line":124,"column":3}},"40":{"start":{"line":112,"column":2},"end":{"line":123,"column":3}},"41":{"start":{"line":113,"column":19},"end":{"line":113,"column":29}},"42":{"start":{"line":114,"column":19},"end":{"line":114,"column":88}},"43":{"start":{"line":116,"column":4},"end":{"line":118,"column":5}},"44":{"start":{"line":117,"column":6},"end":{"line":117,"column":66}},"45":{"start":{"line":120,"column":4},"end":{"line":120,"column":43}},"46":{"start":{"line":122,"column":4},"end":{"line":122,"column":21}},"47":{"start":{"line":126,"column":0},"end":{"line":126,"column":24}}},"fnMap":{"0":{"name":"(anonymous_0)","decl":{"start":{"line":8,"column":16},"end":{"line":8,"column":17}},"loc":{"start":{"line":8,"column":42},"end":{"line":15,"column":1}},"line":8},"1":{"name":"(anonymous_1)","decl":{"start":{"line":18,"column":19},"end":{"line":18,"column":20}},"loc":{"start":{"line":18,"column":45},"end":{"line":52,"column":1}},"line":18},"2":{"name":"(anonymous_2)","decl":{"start":{"line":55,"column":17},"end":{"line":55,"column":18}},"loc":{"start":{"line":55,"column":43},"end":{"line":68,"column":1}},"line":55},"3":{"name":"(anonymous_3)","decl":{"start":{"line":71,"column":23},"end":{"line":71,"column":24}},"loc":{"start":{"line":71,"column":29},"end":{"line":71,"column":67}},"line":71},"4":{"name":"(anonymous_4)","decl":{"start":{"line":74,"column":19},"end":{"line":74,"column":20}},"loc":{"start":{"line":74,"column":45},"end":{"line":108,"column":1}},"line":74},"5":{"name":"(anonymous_5)","decl":{"start":{"line":111,"column":22},"end":{"line":111,"column":23}},"loc":{"start":{"line":111,"column":48},"end":{"line":124,"column":1}},"line":111}},"branchMap":{"0":{"loc":{"start":{"line":30,"column":4},"end":{"line":32,"column":5}},"type":"if","locations":[{"start":{"line":30,"column":4},"end":{"line":32,"column":5}},{"start":{},"end":{}}],"line":30},"1":{"loc":{"start":{"line":79,"column":4},"end":{"line":81,"column":5}},"type":"if","locations":[{"start":{"line":79,"column":4},"end":{"line":81,"column":5}},{"start":{},"end":{}}],"line":79},"2":{"loc":{"start":{"line":79,"column":8},"end":{"line":79,"column":60}},"type":"binary-expr","locations":[{"start":{"line":79,"column":8},"end":{"line":79,"column":31}},{"start":{"line":79,"column":35},"end":{"line":79,"column":60}}],"line":79},"3":{"loc":{"start":{"line":89,"column":4},"end":{"line":91,"column":5}},"type":"if","locations":[{"start":{"line":89,"column":4},"end":{"line":91,"column":5}},{"start":{},"end":{}}],"line":89},"4":{"loc":{"start":{"line":94,"column":28},"end":{"line":94,"column":58}},"type":"cond-expr","locations":[{"start":{"line":94,"column":35},"end":{"line":94,"column":51}},{"start":{"line":94,"column":54},"end":{"line":94,"column":58}}],"line":94},"5":{"loc":{"start":{"line":116,"column":4},"end":{"line":118,"column":5}},"type":"if","locations":[{"start":{"line":116,"column":4},"end":{"line":118,"column":5}},{"start":{},"end":{}}],"line":116}},"s":{"0":2,"1":2,"2":2,"3":2,"4":1,"5":1,"6":1,"7":0,"8":2,"9":1,"10":1,"11":1,"12":1,"13":1,"14":0,"15":0,"16":0,"17":2,"18":0,"19":0,"20":0,"21":0,"22":0,"23":2,"24":0,"25":2,"26":1,"27":1,"28":1,"29":1,"30":1,"31":0,"32":0,"33":0,"34":0,"35":0,"36":0,"37":0,"38":0,"39":2,"40":1,"41":1,"42":1,"43":1,"44":1,"45":0,"46":0,"47":2},"f":{"0":1,"1":1,"2":0,"3":0,"4":1,"5":1},"b":{"0":[1,0],"1":[1,0],"2":[1,1],"3":[0,0],"4":[0,0],"5":[1,0]},"_coverageSchema":"1a1c01bbd47fc00a2c39e90264f33305004495a9","hash":"346ddeda9a2d22bfee09112a111d472f47338b87"}
}
