TN:
SF:app.js
FN:17,(anonymous_0)
FN:24,(anonymous_1)
FNF:2
FNH:1
FNDA:0,(anonymous_0)
FNDA:1,(anonymous_1)
DA:3,2
DA:5,2
DA:6,2
DA:7,2
DA:9,2
DA:11,2
DA:12,2
DA:13,2
DA:17,2
DA:18,0
DA:19,0
DA:24,2
DA:25,1
DA:27,1
DA:34,2
LF:15
LH:13
BRDA:25,0,0,1
BRDA:25,0,1,1
BRF:2
BRH:2
end_of_record
TN:
SF:db.js
FNF:0
FNH:0
DA:3,2
DA:6,2
DA:16,2
DA:18,2
LF:4
LH:4
BRF:0
BRH:0
end_of_record
TN:
SF:expressError.js
FN:8,(anonymous_0)
FNF:1
FNH:0
FNDA:0,(anonymous_0)
DA:9,0
DA:10,0
DA:11,0
DA:12,0
DA:17,2
LF:5
LH:1
BRF:0
BRH:0
end_of_record
TN:
SF:routes\companies.js
FN:8,(anonymous_0)
FN:18,(anonymous_1)
FN:44,(anonymous_2)
FN:59,(anonymous_3)
FN:80,(anonymous_4)
FNF:5
FNH:2
FNDA:1,(anonymous_0)
FNDA:0,(anonymous_1)
FNDA:1,(anonymous_2)
FNDA:0,(anonymous_3)
FNDA:0,(anonymous_4)
DA:3,2
DA:4,2
DA:5,2
DA:8,2
DA:9,1
DA:10,1
DA:11,1
DA:13,0
DA:18,2
DA:19,0
DA:20,0
DA:21,0
DA:32,0
DA:33,0
DA:36,0
DA:37,0
DA:39,0
DA:44,2
DA:45,1
DA:46,1
DA:47,1
DA:52,0
DA:54,1
DA:59,2
DA:60,0
DA:61,0
DA:62,0
DA:64,0
DA:69,0
DA:70,0
DA:73,0
DA:75,0
DA:80,2
DA:81,0
DA:82,0
DA:83,0
DA:85,0
DA:86,0
DA:89,0
DA:91,0
DA:95,2
LF:41
LH:16
BRDA:32,0,0,0
BRDA:32,0,1,0
BRDA:69,1,0,0
BRDA:69,1,1,0
BRDA:85,2,0,0
BRDA:85,2,1,0
BRF:6
BRH:0
end_of_record
TN:
SF:routes\invoices.js
FN:8,(anonymous_0)
FN:18,(anonymous_1)
FN:55,(anonymous_2)
FN:71,(anonymous_3)
FN:74,(anonymous_4)
FN:111,(anonymous_5)
FNF:6
FNH:4
FNDA:1,(anonymous_0)
FNDA:1,(anonymous_1)
FNDA:0,(anonymous_2)
FNDA:0,(anonymous_3)
FNDA:1,(anonymous_4)
FNDA:1,(anonymous_5)
DA:3,2
DA:4,2
DA:5,2
DA:8,2
DA:9,1
DA:10,1
DA:11,1
DA:13,0
DA:18,2
DA:19,1
DA:20,1
DA:21,1
DA:30,1
DA:31,1
DA:34,0
DA:35,0
DA:50,0
DA:55,2
DA:56,0
DA:57,0
DA:58,0
DA:64,0
DA:66,0
DA:71,2
DA:74,2
DA:75,1
DA:76,1
DA:77,1
DA:79,1
DA:80,1
DA:84,0
DA:89,0
DA:90,0
DA:93,0
DA:94,0
DA:97,0
DA:104,0
DA:106,0
DA:111,2
DA:112,1
DA:113,1
DA:114,1
DA:116,1
DA:117,1
DA:120,0
DA:122,0
DA:126,2
LF:47
LH:28
BRDA:30,0,0,1
BRDA:30,0,1,0
BRDA:79,1,0,1
BRDA:79,1,1,0
BRDA:79,2,0,1
BRDA:79,2,1,1
BRDA:89,3,0,0
BRDA:89,3,1,0
BRDA:94,4,0,0
BRDA:94,4,1,0
BRDA:116,5,0,1
BRDA:116,5,1,0
BRF:12
BRH:5
end_of_record
